<?xml version="1.0" encoding="UTF-8"?>
<robot generator="Robot 6.0.1 (Python 3.11.0 on win32)" generated="20221127 17:34:20.934" rpa="false" schemaversion="3">
<suite id="s1" name="Amazon Testes" source="C:\Users\Lucas PC\Desktop\Repositorio\PocRobot\amazon_testes.robot">
<test id="s1-t1" name="Caso de teste 01 Carrinho de Compras&quot;" line="10">
<kw name="Abrir navegador" library="amazon_resources" type="SETUP">
<kw name="Open Browser" library="SeleniumLibrary">
<arg>browser=chrome</arg>
<doc>Opens a new browser instance to the optional ``url``.</doc>
<msg timestamp="20221127 17:34:21.123" level="INFO">Opening browser 'chrome' to base url 'None'.</msg>
<status status="PASS" starttime="20221127 17:34:21.123" endtime="20221127 17:34:22.171"/>
</kw>
<kw name="Maximize Browser Window" library="SeleniumLibrary">
<doc>Maximizes current browser window.</doc>
<status status="PASS" starttime="20221127 17:34:22.172" endtime="20221127 17:34:22.286"/>
</kw>
<status status="PASS" starttime="20221127 17:34:21.123" endtime="20221127 17:34:22.286"/>
</kw>
<kw name="Acesse a Amazon" library="amazon_resources">
<kw name="Go To" library="SeleniumLibrary">
<arg>url=${URL}</arg>
<doc>Navigates the current browser window to the provided ``url``.</doc>
<msg timestamp="20221127 17:34:22.287" level="INFO">Opening url 'http://www.amazon.com.br'</msg>
<status status="PASS" starttime="20221127 17:34:22.286" endtime="20221127 17:34:23.695"/>
</kw>
<status status="PASS" starttime="20221127 17:34:22.286" endtime="20221127 17:34:23.695"/>
</kw>
<kw name="Pesquise um &quot;alexa&quot;" library="amazon_resources" sourcename="Pesquise um &quot;${Item}&quot;">
<kw name="Input Text" library="SeleniumLibrary">
<arg>${Pesquisar}</arg>
<arg>${Item}</arg>
<doc>Types the given ``text`` into the text field identified by ``locator``.</doc>
<msg timestamp="20221127 17:34:23.697" level="INFO">Typing text 'alexa' into text field '//input[@id='twotabsearchtextbox']'.</msg>
<status status="PASS" starttime="20221127 17:34:23.696" endtime="20221127 17:34:23.803"/>
</kw>
<kw name="Click Element" library="SeleniumLibrary">
<arg>locator=${Botao_Pesquisa}</arg>
<doc>Click the element identified by ``locator``.</doc>
<msg timestamp="20221127 17:34:23.804" level="INFO">Clicking element '//input[contains(@id,'nav-search-submit-button')]'.</msg>
<status status="PASS" starttime="20221127 17:34:23.803" endtime="20221127 17:34:23.890"/>
</kw>
<status status="PASS" starttime="20221127 17:34:23.696" endtime="20221127 17:34:23.890"/>
</kw>
<kw name="Adicione o produto no carrinho" library="amazon_resources">
<kw name="Wait Until Element Is Visible" library="SeleniumLibrary">
<arg>${Item01}</arg>
<doc>Waits until the element ``locator`` is visible.</doc>
<status status="PASS" starttime="20221127 17:34:23.891" endtime="20221127 17:34:24.867"/>
</kw>
<kw name="Click Image" library="SeleniumLibrary">
<arg>${Item01}</arg>
<doc>Clicks an image identified by ``locator``.</doc>
<msg timestamp="20221127 17:34:24.867" level="INFO">Clicking image '(//img[contains(@data-image-index,'1')])[1]'.</msg>
<status status="PASS" starttime="20221127 17:34:24.867" endtime="20221127 17:34:27.853"/>
</kw>
<kw name="Wait Until Element Is Visible" library="SeleniumLibrary">
<arg>${Nome_Prod}</arg>
<doc>Waits until the element ``locator`` is visible.</doc>
<status status="PASS" starttime="20221127 17:34:27.853" endtime="20221127 17:34:27.882"/>
</kw>
<status status="PASS" starttime="20221127 17:34:23.890" endtime="20221127 17:34:27.882"/>
</kw>
<kw name="Valide se o produto foi incluído no carrinho com sucesso" library="amazon_resources">
<kw name="Click Element" library="SeleniumLibrary">
<arg>${Carrinho}</arg>
<doc>Click the element identified by ``locator``.</doc>
<msg timestamp="20221127 17:34:27.883" level="INFO">Clicking element '//input[contains(@name,'submit.add-to-cart')]'.</msg>
<status status="PASS" starttime="20221127 17:34:27.883" endtime="20221127 17:34:28.781"/>
</kw>
<kw name="Element Should Be Visible" library="SeleniumLibrary">
<arg>${Check_Carrinho}</arg>
<doc>Verifies that the element identified by ``locator`` is visible.</doc>
<msg timestamp="20221127 17:34:28.833" level="INFO">Element '//span[contains(.,'Adicionado ao carrinho')]' is displayed.</msg>
<status status="PASS" starttime="20221127 17:34:28.782" endtime="20221127 17:34:28.833"/>
</kw>
<status status="PASS" starttime="20221127 17:34:27.883" endtime="20221127 17:34:28.834"/>
</kw>
<doc>Esse testes busca um produto e adiciona no carrinho da amazon</doc>
<tag>Prod_01</tag>
<tag>Regressivo</tag>
<status status="PASS" starttime="20221127 17:34:21.122" endtime="20221127 17:34:28.834"/>
</test>
<test id="s1-t2" name="Casos de teste 02 - Pesquisa de um produto" line="18">
<kw name="Abrir navegador" library="amazon_resources" type="SETUP">
<kw name="Open Browser" library="SeleniumLibrary">
<arg>browser=chrome</arg>
<doc>Opens a new browser instance to the optional ``url``.</doc>
<msg timestamp="20221127 17:34:28.835" level="INFO">Opening browser 'chrome' to base url 'None'.</msg>
<status status="PASS" starttime="20221127 17:34:28.835" endtime="20221127 17:34:29.817"/>
</kw>
<kw name="Maximize Browser Window" library="SeleniumLibrary">
<doc>Maximizes current browser window.</doc>
<status status="PASS" starttime="20221127 17:34:29.817" endtime="20221127 17:34:29.933"/>
</kw>
<status status="PASS" starttime="20221127 17:34:28.835" endtime="20221127 17:34:29.933"/>
</kw>
<kw name="Acesse a Amazon" library="amazon_resources">
<kw name="Go To" library="SeleniumLibrary">
<arg>url=${URL}</arg>
<doc>Navigates the current browser window to the provided ``url``.</doc>
<msg timestamp="20221127 17:34:29.934" level="INFO">Opening url 'http://www.amazon.com.br'</msg>
<status status="PASS" starttime="20221127 17:34:29.934" endtime="20221127 17:34:31.253"/>
</kw>
<status status="PASS" starttime="20221127 17:34:29.933" endtime="20221127 17:34:31.253"/>
</kw>
<kw name="Pesquise um &quot;alexa&quot;" library="amazon_resources" sourcename="Pesquise um &quot;${Item}&quot;">
<kw name="Input Text" library="SeleniumLibrary">
<arg>${Pesquisar}</arg>
<arg>${Item}</arg>
<doc>Types the given ``text`` into the text field identified by ``locator``.</doc>
<msg timestamp="20221127 17:34:31.254" level="INFO">Typing text 'alexa' into text field '//input[@id='twotabsearchtextbox']'.</msg>
<status status="PASS" starttime="20221127 17:34:31.254" endtime="20221127 17:34:31.359"/>
</kw>
<kw name="Click Element" library="SeleniumLibrary">
<arg>locator=${Botao_Pesquisa}</arg>
<doc>Click the element identified by ``locator``.</doc>
<msg timestamp="20221127 17:34:31.360" level="INFO">Clicking element '//input[contains(@id,'nav-search-submit-button')]'.</msg>
<status status="PASS" starttime="20221127 17:34:31.360" endtime="20221127 17:34:31.476"/>
</kw>
<status status="PASS" starttime="20221127 17:34:31.253" endtime="20221127 17:34:31.476"/>
</kw>
<kw name="Adicione o terceiro produto no carrinho" library="amazon_resources">
<kw name="Wait Until Element Is Visible" library="SeleniumLibrary">
<arg>${Item03}</arg>
<doc>Waits until the element ``locator`` is visible.</doc>
<status status="PASS" starttime="20221127 17:34:31.477" endtime="20221127 17:34:32.299"/>
</kw>
<kw name="Click Element" library="SeleniumLibrary">
<arg>${Item03}</arg>
<doc>Click the element identified by ``locator``.</doc>
<msg timestamp="20221127 17:34:32.300" level="INFO">Clicking element '//img[@data-image-index='3']'.</msg>
<status status="PASS" starttime="20221127 17:34:32.300" endtime="20221127 17:34:35.295"/>
</kw>
<kw name="Wait Until Element Is Visible" library="SeleniumLibrary">
<arg>${Nome_Prod03}</arg>
<doc>Waits until the element ``locator`` is visible.</doc>
<status status="PASS" starttime="20221127 17:34:35.295" endtime="20221127 17:34:35.315"/>
</kw>
<kw name="Click Element" library="SeleniumLibrary">
<arg>${Carrinho}</arg>
<doc>Click the element identified by ``locator``.</doc>
<msg timestamp="20221127 17:34:35.316" level="INFO">Clicking element '//input[contains(@name,'submit.add-to-cart')]'.</msg>
<status status="PASS" starttime="20221127 17:34:35.315" endtime="20221127 17:34:36.242"/>
</kw>
<status status="PASS" starttime="20221127 17:34:31.477" endtime="20221127 17:34:36.242"/>
</kw>
<kw name="Valide se o valor total do carrinho está correto" library="amazon_resources">
<kw name="Wait Until Element Is Visible" library="SeleniumLibrary">
<arg>${Ir_ao_Carrinho}</arg>
<doc>Waits until the element ``locator`` is visible.</doc>
<status status="PASS" starttime="20221127 17:34:36.243" endtime="20221127 17:34:36.289"/>
</kw>
<kw name="Click Element" library="SeleniumLibrary">
<arg>${Ir_ao_Carrinho}</arg>
<doc>Click the element identified by ``locator``.</doc>
<msg timestamp="20221127 17:34:36.289" level="INFO">Clicking element '//a[@href='/gp/cart/view.html?ref_=sw_gtc']'.</msg>
<status status="PASS" starttime="20221127 17:34:36.289" endtime="20221127 17:34:37.883"/>
</kw>
<kw name="Page Should Contain" library="SeleniumLibrary">
<arg>Subtotal (1 item)</arg>
<doc>Verifies that current page contains ``text``.</doc>
<msg timestamp="20221127 17:34:37.914" level="INFO">Current page contains text 'Subtotal (1 item)'.</msg>
<status status="PASS" starttime="20221127 17:34:37.883" endtime="20221127 17:34:37.914"/>
</kw>
<status status="PASS" starttime="20221127 17:34:36.242" endtime="20221127 17:34:37.914"/>
</kw>
<doc>Esse teste adiciona o 3 item da lista no carrinho e verifica quandos itens tem no carrinho</doc>
<tag>Prod_02</tag>
<tag>Regressivo</tag>
<status status="PASS" starttime="20221127 17:34:28.835" endtime="20221127 17:34:37.914"/>
</test>
<doc>Essa suite testa site da amazon</doc>
<status status="PASS" starttime="20221127 17:34:20.935" endtime="20221127 17:34:37.915"/>
</suite>
<statistics>
<total>
<stat pass="2" fail="0" skip="0">All Tests</stat>
</total>
<tag>
<stat pass="1" fail="0" skip="0">Prod_01</stat>
<stat pass="1" fail="0" skip="0">Prod_02</stat>
<stat pass="2" fail="0" skip="0">Regressivo</stat>
</tag>
<suite>
<stat pass="2" fail="0" skip="0" id="s1" name="Amazon Testes">Amazon Testes</stat>
</suite>
</statistics>
<errors>
</errors>
</robot>
